<?xml version="1.0" encoding="UTF-8" ?>
<testsuite errors="0" failures="6" hostname="Lewiss-MacBook-Air.local" name="message.ChatMessageTest" skipped="0" tests="6" time="0.162" timestamp="2015-04-19T01:55:42">
  <properties>
[...]
</properties>
  <testcase classname="message.ChatMessageTest" name="testGetName" time="0.019">
    <failure message="expected:&lt;&gt; but was:&lt;null&gt;" type="junit.framework.AssertionFailedError">junit.framework.AssertionFailedError: expected:&lt;&gt; but was:&lt;null&gt;
	at message.ChatMessageTest.testGetName(ChatMessageTest.java:50)
</failure>
  </testcase>
  <testcase classname="message.ChatMessageTest" name="testSetName" time="0.001">
    <failure message="The test case is a prototype." type="junit.framework.AssertionFailedError">junit.framework.AssertionFailedError: The test case is a prototype.
	at message.ChatMessageTest.testSetName(ChatMessageTest.java:65)
</failure>
  </testcase>
  <testcase classname="message.ChatMessageTest" name="testGetLocation" time="0.001">
    <failure message="expected:&lt;&gt; but was:&lt;null&gt;" type="junit.framework.AssertionFailedError">junit.framework.AssertionFailedError: expected:&lt;&gt; but was:&lt;null&gt;
	at message.ChatMessageTest.testGetLocation(ChatMessageTest.java:77)
</failure>
  </testcase>
  <testcase classname="message.ChatMessageTest" name="testSetLocation" time="0.003">
    <failure message="The test case is a prototype." type="junit.framework.AssertionFailedError">junit.framework.AssertionFailedError: The test case is a prototype.
	at message.ChatMessageTest.testSetLocation(ChatMessageTest.java:92)
</failure>
  </testcase>
  <testcase classname="message.ChatMessageTest" name="testGetMessage" time="0.001">
    <failure message="expected:&lt;&gt; but was:&lt;null&gt;" type="junit.framework.AssertionFailedError">junit.framework.AssertionFailedError: expected:&lt;&gt; but was:&lt;null&gt;
	at message.ChatMessageTest.testGetMessage(ChatMessageTest.java:104)
</failure>
  </testcase>
  <testcase classname="message.ChatMessageTest" name="testSetMessage" time="0.001">
    <failure message="The test case is a prototype." type="junit.framework.AssertionFailedError">junit.framework.AssertionFailedError: The test case is a prototype.
	at message.ChatMessageTest.testSetMessage(ChatMessageTest.java:119)
</failure>
  </testcase>
  <system-out><![CDATA[getName
setName
getLocation
setLocation
getMessage
setMessage
]]></system-out>
  <system-err><![CDATA[]]></system-err>
</testsuite>
